# ELBREAD: Elaboration process.
# ULM: Warning: ULM_0021 Architecture "behavior" of entity "xilinx_unisim.out_spy_buff" is not up-to-date. Please recompile file "C:/My_Designs/Output_buffer_tool/output_buffer_tool/src/OUT_SPY_BUFF.vhd".
# ELBREAD: Warning: ELBREAD_0081 TX_CAPUTER_TB.vhd (96): Design unit OUT_SPY_BUFF instantiated in xilinx_unisim.OUT_SPY_BUFF_TB(tb) not found in searched libraries: xilinx_unisim.
# ELBREAD: Error: The contents of entity 'xilinx_unisim.out_spy_buff' instantiated in architecture 'xilinx_unisim.OUT_SPY_BUFF_TB(tb)' differ from the contents available during the compilation of this architecture.
# ELBREAD: Error: Elaboration process completed with errors.
# Design: Error: Elaboration failed
acom -O3 -e 100 -work xilinx_unisim -2002  $dsn/src/TX_CAPUTER.vhd
# Compile Entity "TX_CAPUTER"
# Compile Architecture "behavior" of Entity "TX_CAPUTER"
# Error: ELAB1_0028: TX_CAPUTER.vhd : (113, 0): Entity port length is 8. addra length is 10.
# Compile failure 1 Errors 0 Warnings  Analysis time :  0.1 [s]
acom -O3 -e 100 -work xilinx_unisim -2002  $dsn/src/Capture_registers.vhd
# Compile Entity "capture_registers"
# Compile Architecture "behavior" of Entity "capture_registers"
# Error: COMP96_0078: Capture_registers.vhd : (60, 17): Unknown identifier "RAMB36E2".
# Error: COMP96_0134: Capture_registers.vhd : (60, 17): Cannot find component declaration.
# Compile failure 2 Errors 0 Warnings  Analysis time :  78.0 [ms]
acom -O3 -e 100 -work xilinx_unisim -2002  $dsn/src/TX_CAPUTER.vhd $dsn/src/TX_CAPUTER_TB.vhd $dsn/src/Capture_registers.vhd $dsn/src/OUT_SPY_BUFF.vhd
# Compile Entity "TX_CAPUTER"
# Compile Architecture "behavior" of Entity "TX_CAPUTER"
# Compile Entity "OUT_SPY_BUFF_TB"
# Compile Architecture "tb" of Entity "OUT_SPY_BUFF_TB"
# Error: ELAB1_0011: TX_CAPUTER_TB.vhd : (96, 0): Port "timestamp" is on entity "OUT_SPY_BUFF" but not on the component declaration.
# Compile Entity "capture_registers"
# Compile Architecture "behavior" of Entity "capture_registers"
# Error: COMP96_0078: Capture_registers.vhd : (60, 17): Unknown identifier "RAMB36E2".
# Error: COMP96_0134: Capture_registers.vhd : (60, 17): Cannot find component declaration.
# Compile Entity "OUT_SPY_BUFF"
# Compile Architecture "behavior" of Entity "OUT_SPY_BUFF"
# Warning: ELAB1_0026: OUT_SPY_BUFF.vhd : (93, 0): There is no default binding for component "spybuff". (No entity named "spybuff" was found).
# Error: COMP96_0367: OUT_SPY_BUFF.vhd : (98, 22): Improper array length (64). Expected length is 16.
# Error: COMP96_0122: OUT_SPY_BUFF.vhd : (117, 9): Symbol "spybuffer_inst" has already been declared in this scope.
# Error: COMP96_0078: OUT_SPY_BUFF.vhd : (122, 36): Unknown identifier "t".
# Error: COMP96_0078: OUT_SPY_BUFF.vhd : (122, 51): Unknown identifier "t".
# Error: COMP96_0077: OUT_SPY_BUFF.vhd : (374, 19): Undefined type of expression. Expected type 'STD_LOGIC_VECTOR'.
# Error: COMP96_0077: OUT_SPY_BUFF.vhd : (375, 22): Undefined type of expression. Expected type 'STD_LOGIC_VECTOR'.
# Error: COMP96_0077: OUT_SPY_BUFF.vhd : (376, 22): Undefined type of expression. Expected type 'STD_LOGIC_VECTOR'.
# Error: COMP96_0077: OUT_SPY_BUFF.vhd : (378, 19): Undefined type of expression. Expected type 'STD_LOGIC_VECTOR'.
# Error: COMP96_0077: OUT_SPY_BUFF.vhd : (378, 111): Undefined type of expression. Expected type 'STD_LOGIC_VECTOR'.
# Compile failure 12 Errors 1 Warnings  Analysis time :  0.1 [s]
acom -O3 -e 100 -work xilinx_unisim -2002  $dsn/src/TX_CAPUTER.vhd $dsn/src/TX_CAPUTER_TB.vhd $dsn/src/Capture_registers.vhd $dsn/src/OUT_SPY_BUFF.vhd
# Compile Entity "TX_CAPUTER"
# Compile Architecture "behavior" of Entity "TX_CAPUTER"
# Compile Entity "OUT_SPY_BUFF_TB"
# Compile Architecture "tb" of Entity "OUT_SPY_BUFF_TB"
# Error: ELAB1_0011: TX_CAPUTER_TB.vhd : (96, 0): Port "timestamp" is on entity "OUT_SPY_BUFF" but not on the component declaration.
# Compile Entity "capture_registers"
# Compile Architecture "behavior" of Entity "capture_registers"
# Error: COMP96_0078: Capture_registers.vhd : (60, 17): Unknown identifier "RAMB36E2".
# Error: COMP96_0134: Capture_registers.vhd : (60, 17): Cannot find component declaration.
# Compile Entity "OUT_SPY_BUFF"
# Compile Architecture "behavior" of Entity "OUT_SPY_BUFF"
# Error: ELAB1_0028: OUT_SPY_BUFF.vhd : (93, 0): Entity port length is 64. data length is 16.
# Error: COMP96_0367: OUT_SPY_BUFF.vhd : (98, 22): Improper array length (64). Expected length is 16.
# Compile failure 5 Errors 0 Warnings  Analysis time :  93.0 [ms]
acom -O3 -e 100 -work xilinx_unisim -2002  $dsn/src/TX_CAPUTER.vhd $dsn/src/TX_CAPUTER_TB.vhd $dsn/src/Capture_registers.vhd $dsn/src/OUT_SPY_BUFF.vhd
# Compile Entity "TX_CAPUTER"
# Compile Architecture "behavior" of Entity "TX_CAPUTER"
# Compile Entity "OUT_SPY_BUFF_TB"
# Compile Architecture "tb" of Entity "OUT_SPY_BUFF_TB"
# Error: ELAB1_0011: TX_CAPUTER_TB.vhd : (96, 0): Port "timestamp" is on entity "OUT_SPY_BUFF" but not on the component declaration.
# Compile Entity "capture_registers"
# Compile Architecture "behavior" of Entity "capture_registers"
# Error: COMP96_0078: Capture_registers.vhd : (60, 17): Unknown identifier "RAMB36E2".
# Error: COMP96_0134: Capture_registers.vhd : (60, 17): Cannot find component declaration.
# Compile Entity "OUT_SPY_BUFF"
# Compile Architecture "behavior" of Entity "OUT_SPY_BUFF"
# Error: ELAB1_0028: OUT_SPY_BUFF.vhd : (93, 0): Entity port length is 64. data length is 16.
# Error: COMP96_0367: OUT_SPY_BUFF.vhd : (98, 22): Improper array length (64). Expected length is 16.
# Compile failure 5 Errors 0 Warnings  Analysis time :  94.0 [ms]
acom -O3 -e 100 -work xilinx_unisim -2002  $dsn/src/TX_CAPUTER.vhd $dsn/src/TX_CAPUTER_TB.vhd $dsn/src/Capture_registers.vhd $dsn/src/OUT_SPY_BUFF.vhd
# Compile Entity "TX_CAPUTER"
# Compile Architecture "behavior" of Entity "TX_CAPUTER"
# Compile Entity "OUT_SPY_BUFF_TB"
# Compile Architecture "tb" of Entity "OUT_SPY_BUFF_TB"
# Compile Entity "capture_registers"
# Compile Architecture "behavior" of Entity "capture_registers"
# Error: COMP96_0078: Capture_registers.vhd : (60, 17): Unknown identifier "RAMB36E2".
# Error: COMP96_0134: Capture_registers.vhd : (60, 17): Cannot find component declaration.
# Compile Entity "OUT_SPY_BUFF"
# Compile Architecture "behavior" of Entity "OUT_SPY_BUFF"
# Compile failure 2 Errors 0 Warnings  Analysis time :  0.1 [s]
# ELBREAD: Elaboration process.
# ULM: Warning: ULM_0021 Architecture "behavior" of entity "output_buffer_tool.capture_registers" is not up-to-date. Please recompile file "C:/My_Designs/Output_buffer_tool/output_buffer_tool/src/Capture_registers.vhd".
# ELBREAD: Error: ELBREAD_0081 TX_CAPUTER_TB.vhd (70): Design unit capture_registers instantiated in output_buffer_tool.TB_TX_CAPUTER not found in searched libraries: output_buffer_tool.
# ELBREAD: Error: Elaboration process completed with errors.
# Design: Error: Elaboration failed
# ELBREAD: Elaboration process.
# ULM: Warning: ULM_0021 Architecture "behavior" of entity "output_buffer_tool.capture_registers" is not up-to-date. Please recompile file "C:/My_Designs/Output_buffer_tool/output_buffer_tool/src/Capture_registers.vhd".
# ELBREAD: Error: ELBREAD_0081 TX_CAPUTER_TB.vhd (70): Design unit capture_registers instantiated in output_buffer_tool.TB_TX_CAPUTER not found in searched libraries: output_buffer_tool.
# ELBREAD: Error: Elaboration process completed with errors.
# Design: Error: Elaboration failed
# ELBREAD: Elaboration process.
# ULM: Warning: ULM_0021 Architecture "behavior" of entity "output_buffer_tool.capture_registers" is not up-to-date. Please recompile file "C:/My_Designs/Output_buffer_tool/output_buffer_tool/src/Capture_registers.vhd".
# ELBREAD: Error: ELBREAD_0081 TX_CAPUTER_TB.vhd (70): Design unit capture_registers instantiated in output_buffer_tool.TB_TX_CAPUTER not found in searched libraries: output_buffer_tool.
# ELBREAD: Error: Elaboration process completed with errors.
# Design: Error: Elaboration failed
acom -O3 -e 100 -work output_buffer_tool -2002  $dsn/src/TX_CAPUTER.vhd $dsn/src/TX_CAPUTER_TB.vhd $dsn/src/Capture_registers.vhd $dsn/src/OUT_SPY_BUFF.vhd
# Compile Entity "TX_CAPUTER"
# Compile Architecture "behavior" of Entity "TX_CAPUTER"
# Error: ELAB1_0028: TX_CAPUTER.vhd : (113, 0): Entity port length is 15. addra length is 10.
# Compile Entity "OUT_SPY_BUFF_TB"
# Compile Architecture "tb" of Entity "OUT_SPY_BUFF_TB"
# Compile Entity "capture_registers"
# Compile Architecture "behavior" of Entity "capture_registers"
# Error: COMP96_0078: Capture_registers.vhd : (60, 17): Unknown identifier "RAMB36E2".
# Error: COMP96_0134: Capture_registers.vhd : (60, 17): Cannot find component declaration.
# Compile Entity "OUT_SPY_BUFF"
# Compile Architecture "behavior" of Entity "OUT_SPY_BUFF"
# Compile failure 3 Errors 0 Warnings  Analysis time :  0.1 [s]
# ELBREAD: Elaboration process.
# ULM: Warning: ULM_0021 Architecture "behavior" of entity "output_buffer_tool.tx_caputer" is not up-to-date. Please recompile file "C:/My_Designs/Output_buffer_tool/output_buffer_tool/src/TX_CAPUTER.vhd".
# ELBREAD: Warning: ELBREAD_0081 OUT_SPY_BUFF.vhd (93): Design unit TX_CAPUTER instantiated in output_buffer_tool.OUT_SPY_BUFF(behavior) not found in searched libraries: output_buffer_tool.
# ELBREAD: Elaboration time 0.0 [s].
acom -O3 -e 100 -work output_buffer_tool -2002  $dsn/src/TX_CAPUTER.vhd $dsn/src/TX_CAPUTER_TB.vhd $dsn/src/Capture_registers.vhd $dsn/src/OUT_SPY_BUFF.vhd
# Compile Entity "TX_CAPUTER"
# Compile Architecture "behavior" of Entity "TX_CAPUTER"
# Compile Entity "OUT_SPY_BUFF_TB"
# Compile Architecture "tb" of Entity "OUT_SPY_BUFF_TB"
# Compile Entity "capture_registers"
# Compile Architecture "behavior" of Entity "capture_registers"
# Error: COMP96_0078: Capture_registers.vhd : (60, 17): Unknown identifier "RAMB36E2".
# Error: COMP96_0134: Capture_registers.vhd : (60, 17): Cannot find component declaration.
# Compile Entity "OUT_SPY_BUFF"
# Compile Architecture "behavior" of Entity "OUT_SPY_BUFF"
# Compile failure 2 Errors 0 Warnings  Analysis time :  0.1 [s]
asim -O5 +access +r +m+out_spy_buff_tb out_spy_buff_tb tb
# ELBREAD: Elaboration process.
# ULM: Warning: ULM_0021 Architecture "behavior" of entity "output_buffer_tool.capture_registers" is not up-to-date. Please recompile file "C:/My_Designs/Output_buffer_tool/output_buffer_tool/src/Capture_registers.vhd".
# ELBREAD: Warning: ELBREAD_0081 TX_CAPUTER.vhd (113): Design unit capture_registers instantiated in output_buffer_tool.TX_CAPUTER(behavior) not found in searched libraries: output_buffer_tool.
# ELBREAD: Elaboration time 0.0 [s].
# VSIM: Stack memory: 32MB
# VSIM: Retval memory: 32MB
# KERNEL: Main thread initiated.
# KERNEL: Kernel process initialization phase.
# ELAB2: Elaboration final pass...
# ELAB2: Create instances ...
# KERNEL: Time resolution set to 1ps.
# ELBREAD: Warning: ELBREAD_0037 TX_CAPUTER.vhd (113): Component /OUT_SPY_BUFF_TB/uut/spybuffer_inst/spyram_inst : capture_registers not bound.
# ELAB2: Create instances complete.
# SLP: Started
# SLP: Elaboration phase ...
# SLP: Elaboration phase ... skipped, nothing to simulate in SLP mode : 0.0 [s]
# SLP: Finished : 0.0 [s]
# ELAB2: Elaboration final pass complete - time: 0.1 [s].
# KERNEL: Kernel process initialization done.
# Allocation: Simulator allocated 6643 kB (elbread=427 elab2=6076 kernel=140 sdf=0)
# KERNEL: ASDB file was created in location C:\My_Designs\Output_buffer_tool\output_buffer_tool\src\wave.asdb
#  8:25 AM, Thursday, February 6, 2025
#  Simulation has been initialized
# add wave -noreg {/OUT_SPY_BUFF_TB/clock}
# add wave -noreg {/OUT_SPY_BUFF_TB/trig}
# add wave -noreg {/OUT_SPY_BUFF_TB/din}
# add wave -noreg {/OUT_SPY_BUFF_TB/S_AXI_ACLK}
# add wave -noreg {/OUT_SPY_BUFF_TB/S_AXI_ARESETN}
# add wave -noreg {/OUT_SPY_BUFF_TB/S_AXI_AWADDR}
# add wave -noreg {/OUT_SPY_BUFF_TB/S_AXI_AWPROT}
# add wave -noreg {/OUT_SPY_BUFF_TB/S_AXI_AWVALID}
# add wave -noreg {/OUT_SPY_BUFF_TB/S_AXI_AWREADY}
# add wave -noreg {/OUT_SPY_BUFF_TB/S_AXI_WDATA}
# add wave -noreg {/OUT_SPY_BUFF_TB/S_AXI_WSTRB}
# add wave -noreg {/OUT_SPY_BUFF_TB/S_AXI_WVALID}
# add wave -noreg {/OUT_SPY_BUFF_TB/S_AXI_WREADY}
# add wave -noreg {/OUT_SPY_BUFF_TB/S_AXI_BRESP}
# add wave -noreg {/OUT_SPY_BUFF_TB/S_AXI_BVALID}
# add wave -noreg {/OUT_SPY_BUFF_TB/S_AXI_BREADY}
# add wave -noreg {/OUT_SPY_BUFF_TB/S_AXI_ARADDR}
# add wave -noreg {/OUT_SPY_BUFF_TB/S_AXI_ARPROT}
# add wave -noreg {/OUT_SPY_BUFF_TB/S_AXI_ARVALID}
# add wave -noreg {/OUT_SPY_BUFF_TB/S_AXI_ARREADY}
# add wave -noreg {/OUT_SPY_BUFF_TB/S_AXI_RDATA}
# add wave -noreg {/OUT_SPY_BUFF_TB/S_AXI_RRESP}
# add wave -noreg {/OUT_SPY_BUFF_TB/S_AXI_RVALID}
# add wave -noreg {/OUT_SPY_BUFF_TB/S_AXI_RREADY}
# add wave -noreg {/OUT_SPY_BUFF_TB/reset}
# VSIM: 25 object(s) traced.
# Waveform file 'untitled.awc' connected to 'C:/My_Designs/Output_buffer_tool/output_buffer_tool/src/wave.asdb'.
run
endsim
# KERNEL: stopped at time: 82093945600 ps
# VSIM: Simulation has finished.
acom -O3 -e 100 -work output_buffer_tool -2002  $dsn/src/TX_CAPUTER.vhd $dsn/src/TX_CAPUTER_TB.vhd $dsn/src/Capture_registers.vhd $dsn/src/OUT_SPY_BUFF.vhd
# Compile Entity "TX_CAPUTER"
# Compile Architecture "behavior" of Entity "TX_CAPUTER"
# Compile Entity "OUT_SPY_BUFF_TB"
# Compile Architecture "tb" of Entity "OUT_SPY_BUFF_TB"
# Compile Entity "capture_registers"
# Compile Architecture "behavior" of Entity "capture_registers"
# Error: COMP96_0078: Capture_registers.vhd : (60, 17): Unknown identifier "RAMB36E2".
# Error: COMP96_0134: Capture_registers.vhd : (60, 17): Cannot find component declaration.
# Compile Entity "OUT_SPY_BUFF"
# Compile Architecture "behavior" of Entity "OUT_SPY_BUFF"
# Compile failure 2 Errors 0 Warnings  Analysis time :  0.1 [s]
asim -O5 +access +r +m+out_spy_buff_tb out_spy_buff_tb tb
# ELBREAD: Elaboration process.
# ULM: Warning: ULM_0021 Architecture "behavior" of entity "output_buffer_tool.capture_registers" is not up-to-date. Please recompile file "C:/My_Designs/Output_buffer_tool/output_buffer_tool/src/Capture_registers.vhd".
# ELBREAD: Warning: ELBREAD_0081 TX_CAPUTER.vhd (113): Design unit capture_registers instantiated in output_buffer_tool.TX_CAPUTER(behavior) not found in searched libraries: output_buffer_tool.
# ELBREAD: Elaboration time 0.0 [s].
# VSIM: Stack memory: 32MB
# VSIM: Retval memory: 32MB
# KERNEL: Main thread initiated.
# KERNEL: Kernel process initialization phase.
# ELAB2: Elaboration final pass...
# ELAB2: Create instances ...
# KERNEL: Time resolution set to 1ps.
# ELBREAD: Warning: ELBREAD_0037 TX_CAPUTER.vhd (113): Component /OUT_SPY_BUFF_TB/uut/spybuffer_inst/spyram_inst : capture_registers not bound.
# ELAB2: Create instances complete.
# SLP: Started
# SLP: Elaboration phase ...
# SLP: Elaboration phase ... skipped, nothing to simulate in SLP mode : 0.0 [s]
# SLP: Finished : 0.0 [s]
# ELAB2: Elaboration final pass complete - time: 0.0 [s].
# KERNEL: Kernel process initialization done.
# Allocation: Simulator allocated 6643 kB (elbread=427 elab2=6076 kernel=140 sdf=0)
# KERNEL: ASDB file was created in location C:\My_Designs\Output_buffer_tool\output_buffer_tool\src\wave.asdb
#  8:34 AM, Thursday, February 6, 2025
#  Simulation has been initialized
# add wave -noreg {/OUT_SPY_BUFF_TB/clock}
# add wave -noreg {/OUT_SPY_BUFF_TB/trig}
# add wave -noreg {/OUT_SPY_BUFF_TB/din}
# add wave -noreg {/OUT_SPY_BUFF_TB/S_AXI_ACLK}
# add wave -noreg {/OUT_SPY_BUFF_TB/S_AXI_ARESETN}
# add wave -noreg {/OUT_SPY_BUFF_TB/S_AXI_AWADDR}
# add wave -noreg {/OUT_SPY_BUFF_TB/S_AXI_AWPROT}
# add wave -noreg {/OUT_SPY_BUFF_TB/S_AXI_AWVALID}
# add wave -noreg {/OUT_SPY_BUFF_TB/S_AXI_AWREADY}
# add wave -noreg {/OUT_SPY_BUFF_TB/S_AXI_WDATA}
# add wave -noreg {/OUT_SPY_BUFF_TB/S_AXI_WSTRB}
# add wave -noreg {/OUT_SPY_BUFF_TB/S_AXI_WVALID}
# add wave -noreg {/OUT_SPY_BUFF_TB/S_AXI_WREADY}
# add wave -noreg {/OUT_SPY_BUFF_TB/S_AXI_BRESP}
# add wave -noreg {/OUT_SPY_BUFF_TB/S_AXI_BVALID}
# add wave -noreg {/OUT_SPY_BUFF_TB/S_AXI_BREADY}
# add wave -noreg {/OUT_SPY_BUFF_TB/S_AXI_ARADDR}
# add wave -noreg {/OUT_SPY_BUFF_TB/S_AXI_ARPROT}
# add wave -noreg {/OUT_SPY_BUFF_TB/S_AXI_ARVALID}
# add wave -noreg {/OUT_SPY_BUFF_TB/S_AXI_ARREADY}
# add wave -noreg {/OUT_SPY_BUFF_TB/S_AXI_RDATA}
# add wave -noreg {/OUT_SPY_BUFF_TB/S_AXI_RRESP}
# add wave -noreg {/OUT_SPY_BUFF_TB/S_AXI_RVALID}
# add wave -noreg {/OUT_SPY_BUFF_TB/S_AXI_RREADY}
# add wave -noreg {/OUT_SPY_BUFF_TB/reset}
# VSIM: 25 object(s) traced.
# Waveform file 'untitled.awc' connected to 'C:/My_Designs/Output_buffer_tool/output_buffer_tool/src/wave.asdb'.
run
endsim
# KERNEL: stopped at time: 78092740 ns
# VSIM: Simulation has finished.
acom -O3 -e 100 -work output_buffer_tool -2002  $dsn/src/TX_CAPUTER.vhd $dsn/src/TX_CAPUTER_TB.vhd $dsn/src/Capture_registers.vhd $dsn/src/OUT_SPY_BUFF.vhd
# Compile Entity "TX_CAPUTER"
# Compile Architecture "behavior" of Entity "TX_CAPUTER"
# Compile Entity "OUT_SPY_BUFF_TB"
# Compile Architecture "tb" of Entity "OUT_SPY_BUFF_TB"
# Compile Entity "capture_registers"
# Compile Architecture "behavior" of Entity "capture_registers"
# Error: COMP96_0078: Capture_registers.vhd : (60, 17): Unknown identifier "RAMB36E2".
# Error: COMP96_0134: Capture_registers.vhd : (60, 17): Cannot find component declaration.
# Compile Entity "OUT_SPY_BUFF"
# Compile Architecture "behavior" of Entity "OUT_SPY_BUFF"
# Compile failure 2 Errors 0 Warnings  Analysis time :  0.1 [s]
asim -O5 +access +r +m+out_spy_buff_tb out_spy_buff_tb tb
# ELBREAD: Elaboration process.
# ULM: Warning: ULM_0021 Architecture "behavior" of entity "output_buffer_tool.capture_registers" is not up-to-date. Please recompile file "C:/My_Designs/Output_buffer_tool/output_buffer_tool/src/Capture_registers.vhd".
# ELBREAD: Warning: ELBREAD_0081 TX_CAPUTER.vhd (113): Design unit capture_registers instantiated in output_buffer_tool.TX_CAPUTER(behavior) not found in searched libraries: output_buffer_tool.
# ELBREAD: Elaboration time 0.0 [s].
# VSIM: Stack memory: 32MB
# VSIM: Retval memory: 32MB
# KERNEL: Main thread initiated.
# KERNEL: Kernel process initialization phase.
# ELAB2: Elaboration final pass...
# ELAB2: Create instances ...
# KERNEL: Time resolution set to 1ps.
# ELBREAD: Warning: ELBREAD_0037 TX_CAPUTER.vhd (113): Component /OUT_SPY_BUFF_TB/uut/spybuffer_inst/spyram_inst : capture_registers not bound.
# ELAB2: Create instances complete.
# SLP: Started
# SLP: Elaboration phase ...
# SLP: Elaboration phase ... skipped, nothing to simulate in SLP mode : 0.0 [s]
# SLP: Finished : 0.0 [s]
# ELAB2: Elaboration final pass complete - time: 0.0 [s].
# KERNEL: Kernel process initialization done.
# Allocation: Simulator allocated 6643 kB (elbread=427 elab2=6076 kernel=140 sdf=0)
# KERNEL: ASDB file was created in location C:\My_Designs\Output_buffer_tool\output_buffer_tool\src\wave.asdb
#  8:39 AM, Thursday, February 6, 2025
#  Simulation has been initialized
# Waveform file 'untitled.awc' connected to 'C:/My_Designs/Output_buffer_tool/output_buffer_tool/src/wave.asdb'.
# add wave -noreg {/OUT_SPY_BUFF_TB/clock}
# add wave -noreg {/OUT_SPY_BUFF_TB/trig}
# add wave -noreg {/OUT_SPY_BUFF_TB/din}
# add wave -noreg {/OUT_SPY_BUFF_TB/S_AXI_ACLK}
# add wave -noreg {/OUT_SPY_BUFF_TB/S_AXI_ARESETN}
# add wave -noreg {/OUT_SPY_BUFF_TB/S_AXI_AWADDR}
# add wave -noreg {/OUT_SPY_BUFF_TB/S_AXI_AWPROT}
# add wave -noreg {/OUT_SPY_BUFF_TB/S_AXI_AWVALID}
# add wave -noreg {/OUT_SPY_BUFF_TB/S_AXI_AWREADY}
# add wave -noreg {/OUT_SPY_BUFF_TB/S_AXI_WDATA}
# add wave -noreg {/OUT_SPY_BUFF_TB/S_AXI_WSTRB}
# add wave -noreg {/OUT_SPY_BUFF_TB/S_AXI_WVALID}
# add wave -noreg {/OUT_SPY_BUFF_TB/S_AXI_WREADY}
# add wave -noreg {/OUT_SPY_BUFF_TB/S_AXI_BRESP}
# add wave -noreg {/OUT_SPY_BUFF_TB/S_AXI_BVALID}
# add wave -noreg {/OUT_SPY_BUFF_TB/S_AXI_BREADY}
# add wave -noreg {/OUT_SPY_BUFF_TB/S_AXI_ARADDR}
# add wave -noreg {/OUT_SPY_BUFF_TB/S_AXI_ARPROT}
# add wave -noreg {/OUT_SPY_BUFF_TB/S_AXI_ARVALID}
# add wave -noreg {/OUT_SPY_BUFF_TB/S_AXI_ARREADY}
# add wave -noreg {/OUT_SPY_BUFF_TB/S_AXI_RDATA}
# add wave -noreg {/OUT_SPY_BUFF_TB/S_AXI_RRESP}
# add wave -noreg {/OUT_SPY_BUFF_TB/S_AXI_RVALID}
# add wave -noreg {/OUT_SPY_BUFF_TB/S_AXI_RREADY}
# add wave -noreg {/OUT_SPY_BUFF_TB/reset}
# VSIM: 25 object(s) traced.
run
endsim
# KERNEL: stopped at time: 74101195 ns
# VSIM: Simulation has finished.
acom -O3 -e 100 -work output_buffer_tool -2002  $dsn/src/TX_CAPUTER.vhd $dsn/src/TX_CAPUTER_TB.vhd $dsn/src/Capture_registers.vhd $dsn/src/OUT_SPY_BUFF.vhd
# Compile Entity "TX_CAPUTER"
# Compile Architecture "behavior" of Entity "TX_CAPUTER"
# Compile Entity "OUT_SPY_BUFF_TB"
# Compile Architecture "tb" of Entity "OUT_SPY_BUFF_TB"
# Compile Entity "capture_registers"
# Compile Architecture "behavior" of Entity "capture_registers"
# Error: COMP96_0078: Capture_registers.vhd : (60, 17): Unknown identifier "RAMB36E2".
# Error: COMP96_0134: Capture_registers.vhd : (60, 17): Cannot find component declaration.
# Compile Entity "OUT_SPY_BUFF"
# Compile Architecture "behavior" of Entity "OUT_SPY_BUFF"
# Compile failure 2 Errors 0 Warnings  Analysis time :  0.1 [s]
asim -O5 +access +r +m+out_spy_buff_tb out_spy_buff_tb tb
# ELBREAD: Elaboration process.
# ULM: Warning: ULM_0021 Architecture "behavior" of entity "output_buffer_tool.capture_registers" is not up-to-date. Please recompile file "C:/My_Designs/Output_buffer_tool/output_buffer_tool/src/Capture_registers.vhd".
# ELBREAD: Warning: ELBREAD_0081 TX_CAPUTER.vhd (113): Design unit capture_registers instantiated in output_buffer_tool.TX_CAPUTER(behavior) not found in searched libraries: output_buffer_tool.
# ELBREAD: Elaboration time 0.0 [s].
# VSIM: Stack memory: 32MB
# VSIM: Retval memory: 32MB
# KERNEL: Main thread initiated.
# KERNEL: Kernel process initialization phase.
# ELAB2: Elaboration final pass...
# ELAB2: Create instances ...
# KERNEL: Time resolution set to 1ps.
# ELBREAD: Warning: ELBREAD_0037 TX_CAPUTER.vhd (113): Component /OUT_SPY_BUFF_TB/uut/spybuffer_inst/spyram_inst : capture_registers not bound.
# ELAB2: Create instances complete.
# SLP: Started
# SLP: Elaboration phase ...
# SLP: Elaboration phase ... skipped, nothing to simulate in SLP mode : 0.0 [s]
# SLP: Finished : 0.0 [s]
# ELAB2: Elaboration final pass complete - time: 0.0 [s].
# KERNEL: Kernel process initialization done.
# Allocation: Simulator allocated 6643 kB (elbread=427 elab2=6076 kernel=140 sdf=0)
# KERNEL: ASDB file was created in location C:\My_Designs\Output_buffer_tool\output_buffer_tool\src\wave.asdb
#  8:57 AM, Thursday, February 6, 2025
#  Simulation has been initialized
# add wave -noreg {/OUT_SPY_BUFF_TB/clock}
# add wave -noreg {/OUT_SPY_BUFF_TB/trig}
# add wave -noreg {/OUT_SPY_BUFF_TB/din}
# add wave -noreg {/OUT_SPY_BUFF_TB/S_AXI_ACLK}
# add wave -noreg {/OUT_SPY_BUFF_TB/S_AXI_ARESETN}
# add wave -noreg {/OUT_SPY_BUFF_TB/S_AXI_AWADDR}
# add wave -noreg {/OUT_SPY_BUFF_TB/S_AXI_AWPROT}
# add wave -noreg {/OUT_SPY_BUFF_TB/S_AXI_AWVALID}
# add wave -noreg {/OUT_SPY_BUFF_TB/S_AXI_AWREADY}
# add wave -noreg {/OUT_SPY_BUFF_TB/S_AXI_WDATA}
# add wave -noreg {/OUT_SPY_BUFF_TB/S_AXI_WSTRB}
# add wave -noreg {/OUT_SPY_BUFF_TB/S_AXI_WVALID}
# add wave -noreg {/OUT_SPY_BUFF_TB/S_AXI_WREADY}
# add wave -noreg {/OUT_SPY_BUFF_TB/S_AXI_BRESP}
# add wave -noreg {/OUT_SPY_BUFF_TB/S_AXI_BVALID}
# add wave -noreg {/OUT_SPY_BUFF_TB/S_AXI_BREADY}
# add wave -noreg {/OUT_SPY_BUFF_TB/S_AXI_ARADDR}
# add wave -noreg {/OUT_SPY_BUFF_TB/S_AXI_ARPROT}
# add wave -noreg {/OUT_SPY_BUFF_TB/S_AXI_ARVALID}
# add wave -noreg {/OUT_SPY_BUFF_TB/S_AXI_ARREADY}
# add wave -noreg {/OUT_SPY_BUFF_TB/S_AXI_RDATA}
# add wave -noreg {/OUT_SPY_BUFF_TB/S_AXI_RRESP}
# add wave -noreg {/OUT_SPY_BUFF_TB/S_AXI_RVALID}
# add wave -noreg {/OUT_SPY_BUFF_TB/S_AXI_RREADY}
# add wave -noreg {/OUT_SPY_BUFF_TB/reset}
# VSIM: 25 object(s) traced.
# Waveform file 'untitled.awc' connected to 'C:/My_Designs/Output_buffer_tool/output_buffer_tool/src/wave.asdb'.
run
endsim
# KERNEL: stopped at time: 57030070400 ps
# VSIM: Simulation has finished.
acom -O3 -e 100 -work output_buffer_tool -2002  $dsn/src/TX_CAPUTER.vhd $dsn/src/TX_CAPUTER_TB.vhd $dsn/src/Capture_registers.vhd $dsn/src/OUT_SPY_BUFF.vhd
# Compile Entity "TX_CAPUTER"
# Compile Architecture "behavior" of Entity "TX_CAPUTER"
# Compile Entity "OUT_SPY_BUFF_TB"
# Compile Architecture "tb" of Entity "OUT_SPY_BUFF_TB"
# Compile Entity "capture_registers"
# Compile Architecture "behavior" of Entity "capture_registers"
# Error: COMP96_0078: Capture_registers.vhd : (60, 17): Unknown identifier "RAMB36E2".
# Error: COMP96_0134: Capture_registers.vhd : (60, 17): Cannot find component declaration.
# Compile Entity "OUT_SPY_BUFF"
# Compile Architecture "behavior" of Entity "OUT_SPY_BUFF"
# Compile failure 2 Errors 0 Warnings  Analysis time :  0.1 [s]
asim -O5 +access +r +m+out_spy_buff_tb out_spy_buff_tb tb
# ELBREAD: Elaboration process.
# ULM: Warning: ULM_0021 Architecture "behavior" of entity "output_buffer_tool.capture_registers" is not up-to-date. Please recompile file "C:/My_Designs/Output_buffer_tool/output_buffer_tool/src/Capture_registers.vhd".
# ELBREAD: Warning: ELBREAD_0081 TX_CAPUTER.vhd (113): Design unit capture_registers instantiated in output_buffer_tool.TX_CAPUTER(behavior) not found in searched libraries: output_buffer_tool.
# ELBREAD: Elaboration time 0.0 [s].
# VSIM: Stack memory: 32MB
# VSIM: Retval memory: 32MB
# KERNEL: Main thread initiated.
# KERNEL: Kernel process initialization phase.
# ELAB2: Elaboration final pass...
# ELAB2: Create instances ...
# KERNEL: Time resolution set to 1ps.
# ELBREAD: Warning: ELBREAD_0037 TX_CAPUTER.vhd (113): Component /OUT_SPY_BUFF_TB/uut/spybuffer_inst/spyram_inst : capture_registers not bound.
# ELAB2: Create instances complete.
# SLP: Started
# SLP: Elaboration phase ...
# SLP: Elaboration phase ... skipped, nothing to simulate in SLP mode : 0.0 [s]
# SLP: Finished : 0.0 [s]
# ELAB2: Elaboration final pass complete - time: 0.0 [s].
# KERNEL: Kernel process initialization done.
# Allocation: Simulator allocated 6643 kB (elbread=427 elab2=6076 kernel=140 sdf=0)
# KERNEL: ASDB file was created in location C:\My_Designs\Output_buffer_tool\output_buffer_tool\src\wave.asdb
#  9:29 AM, Thursday, February 6, 2025
#  Simulation has been initialized
# add wave -noreg {/OUT_SPY_BUFF_TB/clock}
# add wave -noreg {/OUT_SPY_BUFF_TB/trig}
# add wave -noreg {/OUT_SPY_BUFF_TB/din}
# add wave -noreg {/OUT_SPY_BUFF_TB/S_AXI_ACLK}
# add wave -noreg {/OUT_SPY_BUFF_TB/S_AXI_ARESETN}
# add wave -noreg {/OUT_SPY_BUFF_TB/S_AXI_AWADDR}
# add wave -noreg {/OUT_SPY_BUFF_TB/S_AXI_AWPROT}
# add wave -noreg {/OUT_SPY_BUFF_TB/S_AXI_AWVALID}
# add wave -noreg {/OUT_SPY_BUFF_TB/S_AXI_AWREADY}
# add wave -noreg {/OUT_SPY_BUFF_TB/S_AXI_WDATA}
# add wave -noreg {/OUT_SPY_BUFF_TB/S_AXI_WSTRB}
# add wave -noreg {/OUT_SPY_BUFF_TB/S_AXI_WVALID}
# add wave -noreg {/OUT_SPY_BUFF_TB/S_AXI_WREADY}
# add wave -noreg {/OUT_SPY_BUFF_TB/S_AXI_BRESP}
# add wave -noreg {/OUT_SPY_BUFF_TB/S_AXI_BVALID}
# add wave -noreg {/OUT_SPY_BUFF_TB/S_AXI_BREADY}
# add wave -noreg {/OUT_SPY_BUFF_TB/S_AXI_ARADDR}
# add wave -noreg {/OUT_SPY_BUFF_TB/S_AXI_ARPROT}
# add wave -noreg {/OUT_SPY_BUFF_TB/S_AXI_ARVALID}
# add wave -noreg {/OUT_SPY_BUFF_TB/S_AXI_ARREADY}
# add wave -noreg {/OUT_SPY_BUFF_TB/S_AXI_RDATA}
# add wave -noreg {/OUT_SPY_BUFF_TB/S_AXI_RRESP}
# add wave -noreg {/OUT_SPY_BUFF_TB/S_AXI_RVALID}
# add wave -noreg {/OUT_SPY_BUFF_TB/S_AXI_RREADY}
# add wave -noreg {/OUT_SPY_BUFF_TB/reset}
# VSIM: 25 object(s) traced.
# Waveform file 'untitled.awc' connected to 'C:/My_Designs/Output_buffer_tool/output_buffer_tool/src/wave.asdb'.
run
endsim
# KERNEL: stopped at time: 202843295 ns
# VSIM: Simulation has finished.
acom -O3 -e 100 -work output_buffer_tool -2002  $dsn/src/TX_CAPUTER.vhd $dsn/src/TX_CAPUTER_TB.vhd $dsn/src/Capture_registers.vhd $dsn/src/OUT_SPY_BUFF.vhd
# Compile Entity "TX_CAPUTER"
# Compile Architecture "behavior" of Entity "TX_CAPUTER"
# Compile Entity "OUT_SPY_BUFF_TB"
# Compile Architecture "tb" of Entity "OUT_SPY_BUFF_TB"
# Compile Entity "capture_registers"
# Compile Architecture "behavior" of Entity "capture_registers"
# Error: COMP96_0078: Capture_registers.vhd : (60, 17): Unknown identifier "RAMB36E2".
# Error: COMP96_0134: Capture_registers.vhd : (60, 17): Cannot find component declaration.
# Compile Entity "OUT_SPY_BUFF"
# Compile Architecture "behavior" of Entity "OUT_SPY_BUFF"
# Compile failure 2 Errors 0 Warnings  Analysis time :  0.1 [s]
asim -O5 +access +r +m+out_spy_buff_tb out_spy_buff_tb tb
# ELBREAD: Elaboration process.
# ULM: Warning: ULM_0021 Architecture "behavior" of entity "output_buffer_tool.capture_registers" is not up-to-date. Please recompile file "C:/My_Designs/Output_buffer_tool/output_buffer_tool/src/Capture_registers.vhd".
# ELBREAD: Warning: ELBREAD_0081 TX_CAPUTER.vhd (113): Design unit capture_registers instantiated in output_buffer_tool.TX_CAPUTER(behavior) not found in searched libraries: output_buffer_tool.
# ELBREAD: Elaboration time 0.0 [s].
# VSIM: Stack memory: 32MB
# VSIM: Retval memory: 32MB
# KERNEL: Main thread initiated.
# KERNEL: Kernel process initialization phase.
# ELAB2: Elaboration final pass...
# ELAB2: Create instances ...
# KERNEL: Time resolution set to 1ps.
# ELBREAD: Warning: ELBREAD_0037 TX_CAPUTER.vhd (113): Component /OUT_SPY_BUFF_TB/uut/spybuffer_inst/spyram_inst : capture_registers not bound.
# ELAB2: Create instances complete.
# SLP: Started
# SLP: Elaboration phase ...
# SLP: Elaboration phase ... skipped, nothing to simulate in SLP mode : 0.0 [s]
# SLP: Finished : 0.0 [s]
# ELAB2: Elaboration final pass complete - time: 0.0 [s].
# KERNEL: Kernel process initialization done.
# Allocation: Simulator allocated 6643 kB (elbread=427 elab2=6076 kernel=140 sdf=0)
# KERNEL: ASDB file was created in location C:\My_Designs\Output_buffer_tool\output_buffer_tool\src\wave.asdb
#  9:52 AM, Thursday, February 6, 2025
#  Simulation has been initialized
# add wave -noreg {/OUT_SPY_BUFF_TB/clock}
# add wave -noreg {/OUT_SPY_BUFF_TB/trig}
# add wave -noreg {/OUT_SPY_BUFF_TB/din}
# add wave -noreg {/OUT_SPY_BUFF_TB/S_AXI_ACLK}
# add wave -noreg {/OUT_SPY_BUFF_TB/S_AXI_ARESETN}
# add wave -noreg {/OUT_SPY_BUFF_TB/S_AXI_AWADDR}
# add wave -noreg {/OUT_SPY_BUFF_TB/S_AXI_AWPROT}
# add wave -noreg {/OUT_SPY_BUFF_TB/S_AXI_AWVALID}
# add wave -noreg {/OUT_SPY_BUFF_TB/S_AXI_AWREADY}
# add wave -noreg {/OUT_SPY_BUFF_TB/S_AXI_WDATA}
# add wave -noreg {/OUT_SPY_BUFF_TB/S_AXI_WSTRB}
# add wave -noreg {/OUT_SPY_BUFF_TB/S_AXI_WVALID}
# add wave -noreg {/OUT_SPY_BUFF_TB/S_AXI_WREADY}
# add wave -noreg {/OUT_SPY_BUFF_TB/S_AXI_BRESP}
# add wave -noreg {/OUT_SPY_BUFF_TB/S_AXI_BVALID}
# add wave -noreg {/OUT_SPY_BUFF_TB/S_AXI_BREADY}
# add wave -noreg {/OUT_SPY_BUFF_TB/S_AXI_ARADDR}
# add wave -noreg {/OUT_SPY_BUFF_TB/S_AXI_ARPROT}
# add wave -noreg {/OUT_SPY_BUFF_TB/S_AXI_ARVALID}
# add wave -noreg {/OUT_SPY_BUFF_TB/S_AXI_ARREADY}
# add wave -noreg {/OUT_SPY_BUFF_TB/S_AXI_RDATA}
# add wave -noreg {/OUT_SPY_BUFF_TB/S_AXI_RRESP}
# add wave -noreg {/OUT_SPY_BUFF_TB/S_AXI_RVALID}
# add wave -noreg {/OUT_SPY_BUFF_TB/S_AXI_RREADY}
# add wave -noreg {/OUT_SPY_BUFF_TB/reset}
# VSIM: 25 object(s) traced.
# Waveform file 'untitled.awc' connected to 'C:/My_Designs/Output_buffer_tool/output_buffer_tool/src/wave.asdb'.
run
endsim
# KERNEL: stopped at time: 72198800 ns
# VSIM: Simulation has finished.
acom -O3 -e 100 -work output_buffer_tool -2002  $dsn/src/TX_CAPUTER.vhd $dsn/src/TX_CAPUTER_TB.vhd $dsn/src/Capture_registers.vhd $dsn/src/OUT_SPY_BUFF.vhd
# Compile Entity "TX_CAPUTER"
# Compile Architecture "behavior" of Entity "TX_CAPUTER"
# Compile Entity "OUT_SPY_BUFF_TB"
# Compile Architecture "tb" of Entity "OUT_SPY_BUFF_TB"
# Compile Entity "capture_registers"
# Compile Architecture "behavior" of Entity "capture_registers"
# Error: COMP96_0078: Capture_registers.vhd : (60, 17): Unknown identifier "RAMB36E2".
# Error: COMP96_0134: Capture_registers.vhd : (60, 17): Cannot find component declaration.
# Compile Entity "OUT_SPY_BUFF"
# Compile Architecture "behavior" of Entity "OUT_SPY_BUFF"
# Compile failure 2 Errors 0 Warnings  Analysis time :  0.1 [s]
asim -O5 +access +r +m+out_spy_buff_tb out_spy_buff_tb tb
# ELBREAD: Elaboration process.
# ULM: Warning: ULM_0021 Architecture "behavior" of entity "output_buffer_tool.capture_registers" is not up-to-date. Please recompile file "C:/My_Designs/Output_buffer_tool/output_buffer_tool/src/Capture_registers.vhd".
# ELBREAD: Warning: ELBREAD_0081 TX_CAPUTER.vhd (113): Design unit capture_registers instantiated in output_buffer_tool.TX_CAPUTER(behavior) not found in searched libraries: output_buffer_tool.
# ELBREAD: Elaboration time 0.0 [s].
# VSIM: Stack memory: 32MB
# VSIM: Retval memory: 32MB
# KERNEL: Main thread initiated.
# KERNEL: Kernel process initialization phase.
# ELAB2: Elaboration final pass...
# ELAB2: Create instances ...
# KERNEL: Time resolution set to 1ps.
# ELBREAD: Warning: ELBREAD_0037 TX_CAPUTER.vhd (113): Component /OUT_SPY_BUFF_TB/uut/spybuffer_inst/spyram_inst : capture_registers not bound.
# ELAB2: Create instances complete.
# SLP: Started
# SLP: Elaboration phase ...
# SLP: Elaboration phase ... skipped, nothing to simulate in SLP mode : 0.0 [s]
# SLP: Finished : 0.0 [s]
# ELAB2: Elaboration final pass complete - time: 0.0 [s].
# KERNEL: Kernel process initialization done.
# Allocation: Simulator allocated 6643 kB (elbread=427 elab2=6076 kernel=140 sdf=0)
# KERNEL: ASDB file was created in location C:\My_Designs\Output_buffer_tool\output_buffer_tool\src\wave.asdb
#  9:56 AM, Thursday, February 6, 2025
#  Simulation has been initialized
# add wave -noreg {/OUT_SPY_BUFF_TB/clock}
# add wave -noreg {/OUT_SPY_BUFF_TB/trig}
# add wave -noreg {/OUT_SPY_BUFF_TB/din}
# add wave -noreg {/OUT_SPY_BUFF_TB/S_AXI_ACLK}
# add wave -noreg {/OUT_SPY_BUFF_TB/S_AXI_ARESETN}
# add wave -noreg {/OUT_SPY_BUFF_TB/S_AXI_AWADDR}
# add wave -noreg {/OUT_SPY_BUFF_TB/S_AXI_AWPROT}
# add wave -noreg {/OUT_SPY_BUFF_TB/S_AXI_AWVALID}
# add wave -noreg {/OUT_SPY_BUFF_TB/S_AXI_AWREADY}
# add wave -noreg {/OUT_SPY_BUFF_TB/S_AXI_WDATA}
# add wave -noreg {/OUT_SPY_BUFF_TB/S_AXI_WSTRB}
# add wave -noreg {/OUT_SPY_BUFF_TB/S_AXI_WVALID}
# add wave -noreg {/OUT_SPY_BUFF_TB/S_AXI_WREADY}
# add wave -noreg {/OUT_SPY_BUFF_TB/S_AXI_BRESP}
# add wave -noreg {/OUT_SPY_BUFF_TB/S_AXI_BVALID}
# add wave -noreg {/OUT_SPY_BUFF_TB/S_AXI_BREADY}
# add wave -noreg {/OUT_SPY_BUFF_TB/S_AXI_ARADDR}
# add wave -noreg {/OUT_SPY_BUFF_TB/S_AXI_ARPROT}
# add wave -noreg {/OUT_SPY_BUFF_TB/S_AXI_ARVALID}
# add wave -noreg {/OUT_SPY_BUFF_TB/S_AXI_ARREADY}
# add wave -noreg {/OUT_SPY_BUFF_TB/S_AXI_RDATA}
# add wave -noreg {/OUT_SPY_BUFF_TB/S_AXI_RRESP}
# add wave -noreg {/OUT_SPY_BUFF_TB/S_AXI_RVALID}
# add wave -noreg {/OUT_SPY_BUFF_TB/S_AXI_RREADY}
# add wave -noreg {/OUT_SPY_BUFF_TB/reset}
# VSIM: 25 object(s) traced.
# Waveform file 'untitled.awc' connected to 'C:/My_Designs/Output_buffer_tool/output_buffer_tool/src/wave.asdb'.
# ELBREAD: Elaboration process.
# ULM: Warning: ULM_0021 Architecture "behavior" of entity "output_buffer_tool.capture_registers" is not up-to-date. Please recompile file "C:/My_Designs/Output_buffer_tool/output_buffer_tool/src/Capture_registers.vhd".
# ELBREAD: Warning: ELBREAD_0081 TX_CAPUTER.vhd (113): Design unit capture_registers instantiated in output_buffer_tool.TX_CAPUTER(behavior) not found in searched libraries: output_buffer_tool.
# ELBREAD: Elaboration time 0.0 [s].
# ELBREAD: Elaboration process.
# ULM: Warning: ULM_0021 Architecture "behavior" of entity "output_buffer_tool.capture_registers" is not up-to-date. Please recompile file "C:/My_Designs/Output_buffer_tool/output_buffer_tool/src/Capture_registers.vhd".
# ELBREAD: Warning: ELBREAD_0081 TX_CAPUTER.vhd (113): Design unit capture_registers instantiated in xilinx_unisim.TX_CAPUTER(behavior) not found in searched libraries: xilinx_unisim, output_buffer_tool.
# ELBREAD: Elaboration time 0.0 [s].
asim -O5 +access +r +m+tx_caputer tx_caputer behavior
# ELBREAD: Elaboration process.
# ELBREAD: Warning: ELBREAD_0081 TX_CAPUTER.vhd (113): Design unit capture_registers instantiated in xilinx_unisim.TX_CAPUTER(behavior) not found in searched libraries: xilinx_unisim.
# ELBREAD: Elaboration time 0.1 [s].
# VSIM: Stack memory: 32MB
# VSIM: Retval memory: 32MB
# KERNEL: Main thread initiated.
# KERNEL: Kernel process initialization phase.
# ELAB2: Elaboration final pass...
# ELAB2: Create instances ...
# KERNEL: Time resolution set to 1ps.
# ELBREAD: Warning: ELBREAD_0037 TX_CAPUTER.vhd (113): Component /TX_CAPUTER/spyram_inst : capture_registers not bound.
# ELAB2: Create instances complete.
# SLP: Started
# SLP: Elaboration phase ...
# SLP: Elaboration phase ... skipped, nothing to simulate in SLP mode : 0.0 [s]
# SLP: Finished : 0.0 [s]
# ELAB2: Elaboration final pass complete - time: 0.0 [s].
# KERNEL: Kernel process initialization done.
# Allocation: Simulator allocated 5592 kB (elbread=427 elab2=5025 kernel=139 sdf=0)
# KERNEL: ASDB file was created in location C:\My_Designs\Output_buffer_tool\output_buffer_tool\src\wave.asdb
#  9:57 AM, Thursday, February 6, 2025
#  Simulation has been initialized
# Waveform file 'untitled.awc' connected to 'C:/My_Designs/Output_buffer_tool/output_buffer_tool/src/wave.asdb'.
run
# KERNEL: Simulation has finished. There are no more test vectors to simulate.
endsim
# VSIM: Simulation has finished.
# ELBREAD: Elaboration process.
# ELBREAD: Warning: ELBREAD_0081 TX_CAPUTER.vhd (113): Design unit capture_registers instantiated in xilinx_unisim.TX_CAPUTER(behavior) not found in searched libraries: xilinx_unisim.
# ELBREAD: Elaboration time 0.0 [s].
asim -O5 +access +r +m+out_spy_buff_tb out_spy_buff_tb tb
# ELBREAD: Elaboration process.
# ELBREAD: Warning: ELBREAD_0081 TX_CAPUTER.vhd (113): Design unit capture_registers instantiated in xilinx_unisim.TX_CAPUTER(behavior) not found in searched libraries: xilinx_unisim.
# ELBREAD: Elaboration time 0.0 [s].
# VSIM: Stack memory: 32MB
# VSIM: Retval memory: 32MB
# KERNEL: Main thread initiated.
# KERNEL: Kernel process initialization phase.
# ELAB2: Elaboration final pass...
# ELAB2: Create instances ...
# KERNEL: Time resolution set to 1ps.
# ELBREAD: Warning: ELBREAD_0037 TX_CAPUTER.vhd (113): Component /OUT_SPY_BUFF_TB/uut/spybuffer_inst/spyram_inst : capture_registers not bound.
# ELAB2: Create instances complete.
# SLP: Started
# SLP: Elaboration phase ...
# SLP: Elaboration phase ... skipped, nothing to simulate in SLP mode : 0.0 [s]
# SLP: Finished : 0.0 [s]
# ELAB2: Elaboration final pass complete - time: 0.0 [s].
# KERNEL: Kernel process initialization done.
# Allocation: Simulator allocated 6643 kB (elbread=427 elab2=6076 kernel=140 sdf=0)
# KERNEL: ASDB file was created in location C:\My_Designs\Output_buffer_tool\output_buffer_tool\src\wave.asdb
#  9:58 AM, Thursday, February 6, 2025
#  Simulation has been initialized
# add wave -noreg {/OUT_SPY_BUFF_TB/clock}
# add wave -noreg {/OUT_SPY_BUFF_TB/trig}
# add wave -noreg {/OUT_SPY_BUFF_TB/din}
# add wave -noreg {/OUT_SPY_BUFF_TB/S_AXI_ACLK}
# add wave -noreg {/OUT_SPY_BUFF_TB/S_AXI_ARESETN}
# add wave -noreg {/OUT_SPY_BUFF_TB/S_AXI_AWADDR}
# add wave -noreg {/OUT_SPY_BUFF_TB/S_AXI_AWPROT}
# add wave -noreg {/OUT_SPY_BUFF_TB/S_AXI_AWVALID}
# add wave -noreg {/OUT_SPY_BUFF_TB/S_AXI_AWREADY}
# add wave -noreg {/OUT_SPY_BUFF_TB/S_AXI_WDATA}
# add wave -noreg {/OUT_SPY_BUFF_TB/S_AXI_WSTRB}
# add wave -noreg {/OUT_SPY_BUFF_TB/S_AXI_WVALID}
# add wave -noreg {/OUT_SPY_BUFF_TB/S_AXI_WREADY}
# add wave -noreg {/OUT_SPY_BUFF_TB/S_AXI_BRESP}
# add wave -noreg {/OUT_SPY_BUFF_TB/S_AXI_BVALID}
# add wave -noreg {/OUT_SPY_BUFF_TB/S_AXI_BREADY}
# add wave -noreg {/OUT_SPY_BUFF_TB/S_AXI_ARADDR}
# add wave -noreg {/OUT_SPY_BUFF_TB/S_AXI_ARPROT}
# add wave -noreg {/OUT_SPY_BUFF_TB/S_AXI_ARVALID}
# add wave -noreg {/OUT_SPY_BUFF_TB/S_AXI_ARREADY}
# add wave -noreg {/OUT_SPY_BUFF_TB/S_AXI_RDATA}
# add wave -noreg {/OUT_SPY_BUFF_TB/S_AXI_RRESP}
# add wave -noreg {/OUT_SPY_BUFF_TB/S_AXI_RVALID}
# add wave -noreg {/OUT_SPY_BUFF_TB/S_AXI_RREADY}
# add wave -noreg {/OUT_SPY_BUFF_TB/cap_data1}
# add wave -noreg {/OUT_SPY_BUFF_TB/cap_data2}
# add wave -noreg {/OUT_SPY_BUFF_TB/reset}
# VSIM: 27 object(s) traced.
# Waveform file 'untitled.awc' connected to 'C:/My_Designs/Output_buffer_tool/output_buffer_tool/src/wave.asdb'.
run
# RUNTIME: Fatal Error: RUNTIME_0046 TX_CAPUTER_TB.vhd (157): Incompatible ranges; left: (31 downto 0), right: (0 to 15).
# KERNEL: Time: 1005 ns,  Iteration: 1,  Instance: /OUT_SPY_BUFF_TB,  Process: aximaster_proc.
# KERNEL: Stopped at time 1005 ns + 1.
# VSIM: Error: Fatal error occurred during simulation.
# ELBREAD: Elaboration process.
# ULM: Warning: ULM_0021 Architecture "behavior" of entity "output_buffer_tool.capture_registers" is not up-to-date. Please recompile file "C:/My_Designs/Output_buffer_tool/output_buffer_tool/src/Capture_registers.vhd".
# ELBREAD: Warning: ELBREAD_0081 TX_CAPUTER.vhd (113): Design unit capture_registers instantiated in output_buffer_tool.TX_CAPUTER(behavior) not found in searched libraries: output_buffer_tool, xilinx_unisim.
# ELBREAD: Elaboration time 0.0 [s].
asim -O5 +access +r +m+out_spy_buff_tb out_spy_buff_tb tb
# ELBREAD: Elaboration process.
# ULM: Warning: ULM_0021 Architecture "behavior" of entity "output_buffer_tool.capture_registers" is not up-to-date. Please recompile file "C:/My_Designs/Output_buffer_tool/output_buffer_tool/src/Capture_registers.vhd".
# ELBREAD: Warning: ELBREAD_0081 TX_CAPUTER.vhd (113): Design unit capture_registers instantiated in output_buffer_tool.TX_CAPUTER(behavior) not found in searched libraries: output_buffer_tool.
# ELBREAD: Elaboration time 0.0 [s].
# VSIM: Stack memory: 32MB
# VSIM: Retval memory: 32MB
# KERNEL: Main thread initiated.
# KERNEL: Kernel process initialization phase.
# ELAB2: Elaboration final pass...
# ELAB2: Create instances ...
# KERNEL: Time resolution set to 1ps.
# ELBREAD: Warning: ELBREAD_0037 TX_CAPUTER.vhd (113): Component /OUT_SPY_BUFF_TB/uut/spybuffer_inst/spyram_inst : capture_registers not bound.
# ELAB2: Create instances complete.
# SLP: Started
# SLP: Elaboration phase ...
# SLP: Elaboration phase ... skipped, nothing to simulate in SLP mode : 0.0 [s]
# SLP: Finished : 0.0 [s]
# ELAB2: Elaboration final pass complete - time: 0.0 [s].
# KERNEL: Kernel process initialization done.
# Allocation: Simulator allocated 6643 kB (elbread=427 elab2=6076 kernel=140 sdf=0)
# KERNEL: ASDB file was created in location C:\My_Designs\Output_buffer_tool\output_buffer_tool\src\wave.asdb
#  9:59 AM, Thursday, February 6, 2025
#  Simulation has been initialized
# Waveform file 'untitled.awc' connected to 'C:/My_Designs/Output_buffer_tool/output_buffer_tool/src/wave.asdb'.
run
endsim
# KERNEL: stopped at time: 63647195 ns
# VSIM: Simulation has finished.
asim -O5 +access +r +m+out_spy_buff_tb out_spy_buff_tb tb
# ELBREAD: Elaboration process.
# ULM: Warning: ULM_0021 Architecture "behavior" of entity "output_buffer_tool.capture_registers" is not up-to-date. Please recompile file "C:/My_Designs/Output_buffer_tool/output_buffer_tool/src/Capture_registers.vhd".
# ELBREAD: Warning: ELBREAD_0081 TX_CAPUTER.vhd (113): Design unit capture_registers instantiated in output_buffer_tool.TX_CAPUTER(behavior) not found in searched libraries: output_buffer_tool.
# ELBREAD: Elaboration time 0.0 [s].
# VSIM: Stack memory: 32MB
# VSIM: Retval memory: 32MB
# KERNEL: Main thread initiated.
# KERNEL: Kernel process initialization phase.
# ELAB2: Elaboration final pass...
# ELAB2: Create instances ...
# KERNEL: Time resolution set to 1ps.
# ELBREAD: Warning: ELBREAD_0037 TX_CAPUTER.vhd (113): Component /OUT_SPY_BUFF_TB/uut/spybuffer_inst/spyram_inst : capture_registers not bound.
# ELAB2: Create instances complete.
# SLP: Started
# SLP: Elaboration phase ...
# SLP: Elaboration phase ... skipped, nothing to simulate in SLP mode : 0.0 [s]
# SLP: Finished : 0.0 [s]
# ELAB2: Elaboration final pass complete - time: 0.0 [s].
# KERNEL: Kernel process initialization done.
# Allocation: Simulator allocated 6643 kB (elbread=427 elab2=6076 kernel=140 sdf=0)
# KERNEL: ASDB file was created in location C:\My_Designs\Output_buffer_tool\output_buffer_tool\src\wave.asdb
#  9:59 AM, Thursday, February 6, 2025
#  Simulation has been initialized
# add wave -noreg {/OUT_SPY_BUFF_TB/clock}
# add wave -noreg {/OUT_SPY_BUFF_TB/trig}
# add wave -noreg {/OUT_SPY_BUFF_TB/din}
# add wave -noreg {/OUT_SPY_BUFF_TB/S_AXI_ACLK}
# add wave -noreg {/OUT_SPY_BUFF_TB/S_AXI_ARESETN}
# add wave -noreg {/OUT_SPY_BUFF_TB/S_AXI_AWADDR}
# add wave -noreg {/OUT_SPY_BUFF_TB/S_AXI_AWPROT}
# add wave -noreg {/OUT_SPY_BUFF_TB/S_AXI_AWVALID}
# add wave -noreg {/OUT_SPY_BUFF_TB/S_AXI_AWREADY}
# add wave -noreg {/OUT_SPY_BUFF_TB/S_AXI_WDATA}
# add wave -noreg {/OUT_SPY_BUFF_TB/S_AXI_WSTRB}
# add wave -noreg {/OUT_SPY_BUFF_TB/S_AXI_WVALID}
# add wave -noreg {/OUT_SPY_BUFF_TB/S_AXI_WREADY}
# add wave -noreg {/OUT_SPY_BUFF_TB/S_AXI_BRESP}
# add wave -noreg {/OUT_SPY_BUFF_TB/S_AXI_BVALID}
# add wave -noreg {/OUT_SPY_BUFF_TB/S_AXI_BREADY}
# add wave -noreg {/OUT_SPY_BUFF_TB/S_AXI_ARADDR}
# add wave -noreg {/OUT_SPY_BUFF_TB/S_AXI_ARPROT}
# add wave -noreg {/OUT_SPY_BUFF_TB/S_AXI_ARVALID}
# add wave -noreg {/OUT_SPY_BUFF_TB/S_AXI_ARREADY}
# add wave -noreg {/OUT_SPY_BUFF_TB/S_AXI_RDATA}
# add wave -noreg {/OUT_SPY_BUFF_TB/S_AXI_RRESP}
# add wave -noreg {/OUT_SPY_BUFF_TB/S_AXI_RVALID}
# add wave -noreg {/OUT_SPY_BUFF_TB/S_AXI_RREADY}
# add wave -noreg {/OUT_SPY_BUFF_TB/reset}
# VSIM: 25 object(s) traced.
# Waveform file 'untitled.awc' connected to 'C:/My_Designs/Output_buffer_tool/output_buffer_tool/src/wave.asdb'.
run
endsim
# KERNEL: stopped at time: 56144668800 ps
# VSIM: Simulation has finished.
acom -O3 -e 100 -work output_buffer_tool -2002  $dsn/src/TX_CAPUTER.vhd $dsn/src/TX_CAPUTER_TB.vhd $dsn/src/Capture_registers.vhd $dsn/src/OUT_SPY_BUFF.vhd
# Compile Entity "TX_CAPUTER"
# Compile Architecture "behavior" of Entity "TX_CAPUTER"
# Compile Entity "OUT_SPY_BUFF_TB"
# Compile Architecture "tb" of Entity "OUT_SPY_BUFF_TB"
# Compile Entity "capture_registers"
# Compile Architecture "behavior" of Entity "capture_registers"
# Error: COMP96_0078: Capture_registers.vhd : (60, 17): Unknown identifier "RAMB36E2".
# Error: COMP96_0134: Capture_registers.vhd : (60, 17): Cannot find component declaration.
# Compile Entity "OUT_SPY_BUFF"
# Compile Architecture "behavior" of Entity "OUT_SPY_BUFF"
# Compile failure 2 Errors 0 Warnings  Analysis time :  0.1 [s]
asim -O5 +access +r +m+out_spy_buff_tb out_spy_buff_tb tb
# ELBREAD: Elaboration process.
# ULM: Warning: ULM_0021 Architecture "behavior" of entity "output_buffer_tool.capture_registers" is not up-to-date. Please recompile file "C:/My_Designs/Output_buffer_tool/output_buffer_tool/src/Capture_registers.vhd".
# ELBREAD: Warning: ELBREAD_0081 TX_CAPUTER.vhd (113): Design unit capture_registers instantiated in output_buffer_tool.TX_CAPUTER(behavior) not found in searched libraries: output_buffer_tool.
# ELBREAD: Elaboration time 0.0 [s].
# VSIM: Stack memory: 32MB
# VSIM: Retval memory: 32MB
# KERNEL: Main thread initiated.
# KERNEL: Kernel process initialization phase.
# ELAB2: Elaboration final pass...
# ELAB2: Create instances ...
# KERNEL: Time resolution set to 1ps.
# ELBREAD: Warning: ELBREAD_0037 TX_CAPUTER.vhd (113): Component /OUT_SPY_BUFF_TB/uut/spybuffer_inst/spyram_inst : capture_registers not bound.
# ELAB2: Create instances complete.
# SLP: Started
# SLP: Elaboration phase ...
# SLP: Elaboration phase ... skipped, nothing to simulate in SLP mode : 0.0 [s]
# SLP: Finished : 0.0 [s]
# ELAB2: Elaboration final pass complete - time: 0.0 [s].
# KERNEL: Kernel process initialization done.
# Allocation: Simulator allocated 6643 kB (elbread=427 elab2=6076 kernel=140 sdf=0)
# KERNEL: ASDB file was created in location C:\My_Designs\Output_buffer_tool\output_buffer_tool\src\wave.asdb
#  10:54 AM, Thursday, February 6, 2025
#  Simulation has been initialized
# add wave -noreg {/OUT_SPY_BUFF_TB/clock}
# add wave -noreg {/OUT_SPY_BUFF_TB/trig}
# add wave -noreg {/OUT_SPY_BUFF_TB/din}
# add wave -noreg {/OUT_SPY_BUFF_TB/S_AXI_ACLK}
# add wave -noreg {/OUT_SPY_BUFF_TB/S_AXI_ARESETN}
# add wave -noreg {/OUT_SPY_BUFF_TB/S_AXI_AWADDR}
# add wave -noreg {/OUT_SPY_BUFF_TB/S_AXI_AWPROT}
# add wave -noreg {/OUT_SPY_BUFF_TB/S_AXI_AWVALID}
# add wave -noreg {/OUT_SPY_BUFF_TB/S_AXI_AWREADY}
# add wave -noreg {/OUT_SPY_BUFF_TB/S_AXI_WDATA}
# add wave -noreg {/OUT_SPY_BUFF_TB/S_AXI_WSTRB}
# add wave -noreg {/OUT_SPY_BUFF_TB/S_AXI_WVALID}
# add wave -noreg {/OUT_SPY_BUFF_TB/S_AXI_WREADY}
# add wave -noreg {/OUT_SPY_BUFF_TB/S_AXI_BRESP}
# add wave -noreg {/OUT_SPY_BUFF_TB/S_AXI_BVALID}
# add wave -noreg {/OUT_SPY_BUFF_TB/S_AXI_BREADY}
# add wave -noreg {/OUT_SPY_BUFF_TB/S_AXI_ARADDR}
# add wave -noreg {/OUT_SPY_BUFF_TB/S_AXI_ARPROT}
# add wave -noreg {/OUT_SPY_BUFF_TB/S_AXI_ARVALID}
# add wave -noreg {/OUT_SPY_BUFF_TB/S_AXI_ARREADY}
# add wave -noreg {/OUT_SPY_BUFF_TB/S_AXI_RDATA}
# add wave -noreg {/OUT_SPY_BUFF_TB/S_AXI_RRESP}
# add wave -noreg {/OUT_SPY_BUFF_TB/S_AXI_RVALID}
# add wave -noreg {/OUT_SPY_BUFF_TB/S_AXI_RREADY}
# add wave -noreg {/OUT_SPY_BUFF_TB/reset}
# VSIM: 25 object(s) traced.
# Waveform file 'untitled.awc' connected to 'C:/My_Designs/Output_buffer_tool/output_buffer_tool/src/wave.asdb'.
run
endsim
# KERNEL: stopped at time: 64351289600 ps
# VSIM: Simulation has finished.
acom -O3 -e 100 -work output_buffer_tool -2002  $dsn/src/TX_CAPUTER.vhd $dsn/src/TX_CAPUTER_TB.vhd $dsn/src/Capture_registers.vhd $dsn/src/OUT_SPY_BUFF.vhd
# Compile Entity "TX_CAPUTER"
# Compile Architecture "behavior" of Entity "TX_CAPUTER"
# Compile Entity "OUT_SPY_BUFF_TB"
# Compile Architecture "tb" of Entity "OUT_SPY_BUFF_TB"
# Compile Entity "capture_registers"
# Compile Architecture "behavior" of Entity "capture_registers"
# Error: COMP96_0078: Capture_registers.vhd : (60, 17): Unknown identifier "RAMB36E2".
# Error: COMP96_0134: Capture_registers.vhd : (60, 17): Cannot find component declaration.
# Compile Entity "OUT_SPY_BUFF"
# Compile Architecture "behavior" of Entity "OUT_SPY_BUFF"
# Compile failure 2 Errors 0 Warnings  Analysis time :  0.1 [s]
acom -O3 -e 100 -work output_buffer_tool -2002  $dsn/src/TX_CAPUTER.vhd $dsn/src/TX_CAPUTER_TB.vhd $dsn/src/Capture_registers.vhd $dsn/src/OUT_SPY_BUFF.vhd
# Compile Entity "TX_CAPUTER"
# Compile Architecture "behavior" of Entity "TX_CAPUTER"
# Compile Entity "OUT_SPY_BUFF_TB"
# Compile Architecture "tb" of Entity "OUT_SPY_BUFF_TB"
# Compile Entity "capture_registers"
# Compile Architecture "behavior" of Entity "capture_registers"
# Error: COMP96_0078: Capture_registers.vhd : (60, 17): Unknown identifier "RAMB36E2".
# Error: COMP96_0134: Capture_registers.vhd : (60, 17): Cannot find component declaration.
# Compile Entity "OUT_SPY_BUFF"
# Compile Architecture "behavior" of Entity "OUT_SPY_BUFF"
# Compile failure 2 Errors 0 Warnings  Analysis time :  0.1 [s]
acom -O3 -e 100 -work output_buffer_tool -2002  $dsn/src/TX_CAPUTER.vhd $dsn/src/TX_CAPUTER_TB.vhd $dsn/src/Capture_registers.vhd $dsn/src/OUT_SPY_BUFF.vhd
# Compile Entity "TX_CAPUTER"
# Compile Architecture "behavior" of Entity "TX_CAPUTER"
# Compile Entity "OUT_SPY_BUFF_TB"
# Compile Architecture "tb" of Entity "OUT_SPY_BUFF_TB"
# Compile Entity "capture_registers"
# Compile Architecture "behavior" of Entity "capture_registers"
# Error: COMP96_0078: Capture_registers.vhd : (45, 17): Unknown identifier "RAMB36E2".
# Error: COMP96_0134: Capture_registers.vhd : (45, 17): Cannot find component declaration.
# Compile Entity "OUT_SPY_BUFF"
# Compile Architecture "behavior" of Entity "OUT_SPY_BUFF"
# Compile failure 2 Errors 0 Warnings  Analysis time :  0.1 [s]
acom -O3 -e 100 -work output_buffer_tool -2002  $dsn/src/TX_CAPUTER.vhd $dsn/src/TX_CAPUTER_TB.vhd $dsn/src/Capture_registers.vhd $dsn/src/OUT_SPY_BUFF.vhd
# Compile Entity "TX_CAPUTER"
# Compile Architecture "behavior" of Entity "TX_CAPUTER"
# Compile Entity "OUT_SPY_BUFF_TB"
# Compile Architecture "tb" of Entity "OUT_SPY_BUFF_TB"
# Compile Entity "capture_registers"
# Compile Architecture "behavior" of Entity "capture_registers"
# Error: COMP96_0078: Capture_registers.vhd : (45, 17): Unknown identifier "RAMB36E2".
# Error: COMP96_0134: Capture_registers.vhd : (45, 17): Cannot find component declaration.
# Compile Entity "OUT_SPY_BUFF"
# Compile Architecture "behavior" of Entity "OUT_SPY_BUFF"
# Compile failure 2 Errors 0 Warnings  Analysis time :  0.1 [s]
acom -O3 -e 100 -work output_buffer_tool -2002  $dsn/src/TX_CAPUTER.vhd $dsn/src/TX_CAPUTER_TB.vhd $dsn/src/Capture_registers.vhd $dsn/src/OUT_SPY_BUFF.vhd
# Compile Entity "TX_CAPUTER"
# Compile Architecture "behavior" of Entity "TX_CAPUTER"
# Compile Entity "OUT_SPY_BUFF_TB"
# Compile Architecture "tb" of Entity "OUT_SPY_BUFF_TB"
# Compile Entity "capture_registers"
# Compile Architecture "behavior" of Entity "capture_registers"
# Error: COMP96_0078: Capture_registers.vhd : (45, 17): Unknown identifier "RAMB36E2".
# Error: COMP96_0134: Capture_registers.vhd : (45, 17): Cannot find component declaration.
# Compile Entity "OUT_SPY_BUFF"
# Compile Architecture "behavior" of Entity "OUT_SPY_BUFF"
# Compile failure 2 Errors 0 Warnings  Analysis time :  0.1 [s]
asim -O5 +access +r +m+out_spy_buff_tb out_spy_buff_tb tb
# ELBREAD: Elaboration process.
# ULM: Warning: ULM_0021 Architecture "behavior" of entity "output_buffer_tool.capture_registers" is not up-to-date. Please recompile file "C:/My_Designs/Output_buffer_tool/output_buffer_tool/src/Capture_registers.vhd".
# ELBREAD: Warning: ELBREAD_0081 TX_CAPUTER.vhd (113): Design unit capture_registers instantiated in output_buffer_tool.TX_CAPUTER(behavior) not found in searched libraries: output_buffer_tool.
# ELBREAD: Elaboration time 0.0 [s].
# VSIM: Stack memory: 32MB
# VSIM: Retval memory: 32MB
# KERNEL: Main thread initiated.
# KERNEL: Kernel process initialization phase.
# ELAB2: Elaboration final pass...
# ELAB2: Create instances ...
# KERNEL: Time resolution set to 1ps.
# ELBREAD: Warning: ELBREAD_0037 TX_CAPUTER.vhd (113): Component /OUT_SPY_BUFF_TB/uut/spybuffer_inst/spyram_inst : capture_registers not bound.
# ELAB2: Create instances complete.
# SLP: Started
# SLP: Elaboration phase ...
# SLP: Elaboration phase ... skipped, nothing to simulate in SLP mode : 0.0 [s]
# SLP: Finished : 0.0 [s]
# ELAB2: Elaboration final pass complete - time: 0.0 [s].
# KERNEL: Kernel process initialization done.
# Allocation: Simulator allocated 6643 kB (elbread=427 elab2=6075 kernel=140 sdf=0)
# KERNEL: ASDB file was created in location C:\My_Designs\Output_buffer_tool\output_buffer_tool\src\wave.asdb
#  12:26 PM, Thursday, February 6, 2025
#  Simulation has been initialized
# add wave -noreg {/OUT_SPY_BUFF_TB/clock}
# add wave -noreg {/OUT_SPY_BUFF_TB/trig}
# add wave -noreg {/OUT_SPY_BUFF_TB/din}
# add wave -noreg {/OUT_SPY_BUFF_TB/S_AXI_ACLK}
# add wave -noreg {/OUT_SPY_BUFF_TB/S_AXI_ARESETN}
# add wave -noreg {/OUT_SPY_BUFF_TB/S_AXI_AWADDR}
# add wave -noreg {/OUT_SPY_BUFF_TB/S_AXI_AWPROT}
# add wave -noreg {/OUT_SPY_BUFF_TB/S_AXI_AWVALID}
# add wave -noreg {/OUT_SPY_BUFF_TB/S_AXI_AWREADY}
# add wave -noreg {/OUT_SPY_BUFF_TB/S_AXI_WDATA}
# add wave -noreg {/OUT_SPY_BUFF_TB/S_AXI_WSTRB}
# add wave -noreg {/OUT_SPY_BUFF_TB/S_AXI_WVALID}
# add wave -noreg {/OUT_SPY_BUFF_TB/S_AXI_WREADY}
# add wave -noreg {/OUT_SPY_BUFF_TB/S_AXI_BRESP}
# add wave -noreg {/OUT_SPY_BUFF_TB/S_AXI_BVALID}
# add wave -noreg {/OUT_SPY_BUFF_TB/S_AXI_BREADY}
# add wave -noreg {/OUT_SPY_BUFF_TB/S_AXI_ARADDR}
# add wave -noreg {/OUT_SPY_BUFF_TB/S_AXI_ARPROT}
# add wave -noreg {/OUT_SPY_BUFF_TB/S_AXI_ARVALID}
# add wave -noreg {/OUT_SPY_BUFF_TB/S_AXI_ARREADY}
# add wave -noreg {/OUT_SPY_BUFF_TB/S_AXI_RDATA}
# add wave -noreg {/OUT_SPY_BUFF_TB/S_AXI_RRESP}
# add wave -noreg {/OUT_SPY_BUFF_TB/S_AXI_RVALID}
# add wave -noreg {/OUT_SPY_BUFF_TB/S_AXI_RREADY}
# add wave -noreg {/OUT_SPY_BUFF_TB/reset}
# VSIM: 25 object(s) traced.
# Waveform file 'untitled.awc' connected to 'C:/My_Designs/Output_buffer_tool/output_buffer_tool/src/wave.asdb'.
run
endsim
# KERNEL: stopped at time: 53745770 ns
# VSIM: Simulation has finished.
acom -O3 -e 100 -work output_buffer_tool -2002  $dsn/src/TX_CAPUTER.vhd $dsn/src/TX_CAPUTER_TB.vhd $dsn/src/Capture_registers.vhd $dsn/src/OUT_SPY_BUFF.vhd
# Compile Entity "TX_CAPUTER"
# Compile Architecture "behavior" of Entity "TX_CAPUTER"
# Compile Entity "OUT_SPY_BUFF_TB"
# Compile Architecture "tb" of Entity "OUT_SPY_BUFF_TB"
# Compile Entity "capture_registers"
# Compile Architecture "behavior" of Entity "capture_registers"
# Error: COMP96_0078: Capture_registers.vhd : (45, 17): Unknown identifier "RAMB36E2".
# Error: COMP96_0134: Capture_registers.vhd : (45, 17): Cannot find component declaration.
# Compile Entity "OUT_SPY_BUFF"
# Compile Architecture "behavior" of Entity "OUT_SPY_BUFF"
# Compile failure 2 Errors 0 Warnings  Analysis time :  0.1 [s]
acom -O3 -e 100 -work output_buffer_tool -2002  $dsn/src/TX_CAPUTER.vhd $dsn/src/TX_CAPUTER_TB.vhd $dsn/src/Capture_registers.vhd $dsn/src/OUT_SPY_BUFF.vhd
# Compile Entity "TX_CAPUTER"
# Compile Architecture "behavior" of Entity "TX_CAPUTER"
# Compile Entity "OUT_SPY_BUFF_TB"
# Compile Architecture "tb" of Entity "OUT_SPY_BUFF_TB"
# Compile Entity "capture_registers"
# Compile Architecture "behavior" of Entity "capture_registers"
# Error: COMP96_0078: Capture_registers.vhd : (45, 17): Unknown identifier "RAMB36E2".
# Error: COMP96_0134: Capture_registers.vhd : (45, 17): Cannot find component declaration.
# Compile Entity "OUT_SPY_BUFF"
# Compile Architecture "behavior" of Entity "OUT_SPY_BUFF"
# Compile failure 2 Errors 0 Warnings  Analysis time :  0.1 [s]
asim -O5 +access +r +m+out_spy_buff_tb out_spy_buff_tb tb
# ELBREAD: Elaboration process.
# ULM: Warning: ULM_0021 Architecture "behavior" of entity "output_buffer_tool.capture_registers" is not up-to-date. Please recompile file "C:/My_Designs/Output_buffer_tool/output_buffer_tool/src/Capture_registers.vhd".
# ELBREAD: Warning: ELBREAD_0081 TX_CAPUTER.vhd (113): Design unit capture_registers instantiated in output_buffer_tool.TX_CAPUTER(behavior) not found in searched libraries: output_buffer_tool.
# ELBREAD: Elaboration time 0.0 [s].
# VSIM: Stack memory: 32MB
# VSIM: Retval memory: 32MB
# KERNEL: Main thread initiated.
# KERNEL: Kernel process initialization phase.
# ELAB2: Elaboration final pass...
# ELAB2: Create instances ...
# KERNEL: Time resolution set to 1ps.
# ELBREAD: Warning: ELBREAD_0037 TX_CAPUTER.vhd (113): Component /OUT_SPY_BUFF_TB/uut/spybuffer_inst/spyram_inst : capture_registers not bound.
# ELAB2: Create instances complete.
# SLP: Started
# SLP: Elaboration phase ...
# SLP: Elaboration phase ... skipped, nothing to simulate in SLP mode : 0.0 [s]
# SLP: Finished : 0.0 [s]
# ELAB2: Elaboration final pass complete - time: 0.0 [s].
# KERNEL: Kernel process initialization done.
# Allocation: Simulator allocated 6642 kB (elbread=427 elab2=6075 kernel=140 sdf=0)
# KERNEL: ASDB file was created in location C:\My_Designs\Output_buffer_tool\output_buffer_tool\src\wave.asdb
#  12:38 PM, Thursday, February 6, 2025
#  Simulation has been initialized
# add wave -noreg {/OUT_SPY_BUFF_TB/clock}
# add wave -noreg {/OUT_SPY_BUFF_TB/trig}
# add wave -noreg {/OUT_SPY_BUFF_TB/din}
# add wave -noreg {/OUT_SPY_BUFF_TB/S_AXI_ACLK}
# add wave -noreg {/OUT_SPY_BUFF_TB/S_AXI_ARESETN}
# add wave -noreg {/OUT_SPY_BUFF_TB/S_AXI_AWADDR}
# add wave -noreg {/OUT_SPY_BUFF_TB/S_AXI_AWPROT}
# add wave -noreg {/OUT_SPY_BUFF_TB/S_AXI_AWVALID}
# add wave -noreg {/OUT_SPY_BUFF_TB/S_AXI_AWREADY}
# add wave -noreg {/OUT_SPY_BUFF_TB/S_AXI_WDATA}
# add wave -noreg {/OUT_SPY_BUFF_TB/S_AXI_WSTRB}
# add wave -noreg {/OUT_SPY_BUFF_TB/S_AXI_WVALID}
# add wave -noreg {/OUT_SPY_BUFF_TB/S_AXI_WREADY}
# add wave -noreg {/OUT_SPY_BUFF_TB/S_AXI_BRESP}
# add wave -noreg {/OUT_SPY_BUFF_TB/S_AXI_BVALID}
# add wave -noreg {/OUT_SPY_BUFF_TB/S_AXI_BREADY}
# add wave -noreg {/OUT_SPY_BUFF_TB/S_AXI_ARADDR}
# add wave -noreg {/OUT_SPY_BUFF_TB/S_AXI_ARPROT}
# add wave -noreg {/OUT_SPY_BUFF_TB/S_AXI_ARVALID}
# add wave -noreg {/OUT_SPY_BUFF_TB/S_AXI_ARREADY}
# add wave -noreg {/OUT_SPY_BUFF_TB/S_AXI_RDATA}
# add wave -noreg {/OUT_SPY_BUFF_TB/S_AXI_RRESP}
# add wave -noreg {/OUT_SPY_BUFF_TB/S_AXI_RVALID}
# add wave -noreg {/OUT_SPY_BUFF_TB/S_AXI_RREADY}
# add wave -noreg {/OUT_SPY_BUFF_TB/reset}
# VSIM: 25 object(s) traced.
# Waveform file 'untitled.awc' connected to 'C:/My_Designs/Output_buffer_tool/output_buffer_tool/src/wave.asdb'.
run
endsim
# KERNEL: stopped at time: 1290124 us
# VSIM: Simulation has finished.
acom -O3 -e 100 -work output_buffer_tool -2002  $dsn/src/TX_CAPUTER.vhd $dsn/src/TX_CAPUTER_TB.vhd $dsn/src/Capture_registers.vhd $dsn/src/OUT_SPY_BUFF.vhd
# Compile Entity "TX_CAPUTER"
# Compile Architecture "behavior" of Entity "TX_CAPUTER"
# Compile Entity "OUT_SPY_BUFF_TB"
# Compile Architecture "tb" of Entity "OUT_SPY_BUFF_TB"
# Compile Entity "capture_registers"
# Compile Architecture "behavior" of Entity "capture_registers"
# Error: COMP96_0078: Capture_registers.vhd : (45, 17): Unknown identifier "RAMB36E2".
# Error: COMP96_0134: Capture_registers.vhd : (45, 17): Cannot find component declaration.
# Compile Entity "OUT_SPY_BUFF"
# Compile Architecture "behavior" of Entity "OUT_SPY_BUFF"
# Compile failure 2 Errors 0 Warnings  Analysis time :  0.1 [s]
asim -O5 +access +r +m+out_spy_buff_tb out_spy_buff_tb tb
# ELBREAD: Elaboration process.
# ULM: Warning: ULM_0021 Architecture "behavior" of entity "output_buffer_tool.capture_registers" is not up-to-date. Please recompile file "C:/My_Designs/Output_buffer_tool/output_buffer_tool/src/Capture_registers.vhd".
# ELBREAD: Warning: ELBREAD_0081 TX_CAPUTER.vhd (120): Design unit capture_registers instantiated in output_buffer_tool.TX_CAPUTER(behavior) not found in searched libraries: output_buffer_tool.
# ELBREAD: Elaboration time 0.0 [s].
# VSIM: Stack memory: 32MB
# VSIM: Retval memory: 32MB
# KERNEL: Main thread initiated.
# KERNEL: Kernel process initialization phase.
# ELAB2: Elaboration final pass...
# ELAB2: Create instances ...
# KERNEL: Time resolution set to 1ps.
# ELBREAD: Warning: ELBREAD_0037 TX_CAPUTER.vhd (120): Component /OUT_SPY_BUFF_TB/uut/spybuffer_inst/spyram_inst : capture_registers not bound.
# ELAB2: Create instances complete.
# SLP: Started
# SLP: Elaboration phase ...
# SLP: Elaboration phase ... skipped, nothing to simulate in SLP mode : 0.0 [s]
# SLP: Finished : 0.0 [s]
# ELAB2: Elaboration final pass complete - time: 0.0 [s].
# KERNEL: Kernel process initialization done.
# Allocation: Simulator allocated 6643 kB (elbread=427 elab2=6076 kernel=140 sdf=0)
# KERNEL: ASDB file was created in location C:\My_Designs\Output_buffer_tool\output_buffer_tool\src\wave.asdb
#  2:28 PM, Thursday, February 6, 2025
#  Simulation has been initialized
# add wave -noreg {/OUT_SPY_BUFF_TB/clock}
# add wave -noreg {/OUT_SPY_BUFF_TB/trig}
# add wave -noreg {/OUT_SPY_BUFF_TB/din}
# add wave -noreg {/OUT_SPY_BUFF_TB/S_AXI_ACLK}
# add wave -noreg {/OUT_SPY_BUFF_TB/S_AXI_ARESETN}
# add wave -noreg {/OUT_SPY_BUFF_TB/S_AXI_AWADDR}
# add wave -noreg {/OUT_SPY_BUFF_TB/S_AXI_AWPROT}
# add wave -noreg {/OUT_SPY_BUFF_TB/S_AXI_AWVALID}
# add wave -noreg {/OUT_SPY_BUFF_TB/S_AXI_AWREADY}
# add wave -noreg {/OUT_SPY_BUFF_TB/S_AXI_WDATA}
# add wave -noreg {/OUT_SPY_BUFF_TB/S_AXI_WSTRB}
# add wave -noreg {/OUT_SPY_BUFF_TB/S_AXI_WVALID}
# add wave -noreg {/OUT_SPY_BUFF_TB/S_AXI_WREADY}
# add wave -noreg {/OUT_SPY_BUFF_TB/S_AXI_BRESP}
# add wave -noreg {/OUT_SPY_BUFF_TB/S_AXI_BVALID}
# add wave -noreg {/OUT_SPY_BUFF_TB/S_AXI_BREADY}
# add wave -noreg {/OUT_SPY_BUFF_TB/S_AXI_ARADDR}
# add wave -noreg {/OUT_SPY_BUFF_TB/S_AXI_ARPROT}
# add wave -noreg {/OUT_SPY_BUFF_TB/S_AXI_ARVALID}
# add wave -noreg {/OUT_SPY_BUFF_TB/S_AXI_ARREADY}
# add wave -noreg {/OUT_SPY_BUFF_TB/S_AXI_RDATA}
# add wave -noreg {/OUT_SPY_BUFF_TB/S_AXI_RRESP}
# add wave -noreg {/OUT_SPY_BUFF_TB/S_AXI_RVALID}
# add wave -noreg {/OUT_SPY_BUFF_TB/S_AXI_RREADY}
# add wave -noreg {/OUT_SPY_BUFF_TB/reset}
# VSIM: 25 object(s) traced.
# Waveform file 'untitled.awc' connected to 'C:/My_Designs/Output_buffer_tool/output_buffer_tool/src/wave.asdb'.
run
endsim
# KERNEL: stopped at time: 57895205 ns
# VSIM: Simulation has finished.
